


ARM Macro Assembler    Page 1 


    1 00000000         ;*====*====*====*====*====*====*====*====*====*====*====
                       *====*====*====*====*
    2 00000000         ;
    3 00000000         ;                     Boot A53 Assembly File
    4 00000000         ;
    5 00000000         ; GENERAL DESCRIPTION
    6 00000000         ; This file contains the assembly instructions specializ
                       ed A53 functions 
    7 00000000         ;
    8 00000000         ; Copyright 2014 by Qualcomm Technologies, Incorporated.
                       All Rights Reserved.
    9 00000000         ;*====*====*====*====*====*====*====*====*====*====*====
                       *====*====*====*====*
   10 00000000         ;*====*====*====*====*====*====*====*====*====*====*====
                       *====*====*====*====*
   11 00000000         ;
   12 00000000         ;                           EDIT HISTORY FOR FILE
   13 00000000         ;
   14 00000000         ; This section contains comments describing changes made
                        to the module.
   15 00000000         ; Notice that changes are listed in reverse chronologica
                       l order.
   16 00000000         ;
   17 00000000         ; when       who     what, where, why
   18 00000000         ; --------   ---     -----------------------------------
                       ---------------------
   19 00000000         ; 01/14/14   ck      Initial release for Bear family
   20 00000000         ;*====*====*====*====*====*====*====*====*====*====*====
                       *====*====*====*====*
   21 00000000         ;=======================================================
                       =====================
   22 00000000         ;
   23 00000000         ;                             MODULE EXPORTS
   24 00000000         ;
   25 00000000         ;=======================================================
                       =====================
   26 00000000         ; Export the symbols defined in this module
   27 00000000                 EXPORT           boot_enable_aarch64
   28 00000000                 EXPORT           boot_generate_warm_reset
   29 00000000                 EXPORT           boot_configure_vbar
   30 00000000         ;=======================================================
                       =====================
   31 00000000         ;
   32 00000000         ;                             MODULE DATA AREA
   33 00000000         ;
   34 00000000         ;=======================================================
                       =====================
   35 00000000                 PRESERVE8
   36 00000000                 AREA             BOOT_A53_ASM, CODE, READONLY
   37 00000000                 CODE32
   38 00000000         ;=======================================================
                       ===============
   39 00000000         ;
   40 00000000         ; void boot_enable_aarch64(void)
   41 00000000         ;
   42 00000000         ; Description:
   43 00000000         ;   Switches processor to AARCH64 mode
   44 00000000         ; 
   45 00000000         ; Parameters:



ARM Macro Assembler    Page 2 


   46 00000000         ;   None
   47 00000000         ;
   48 00000000         ; Return Value:
   49 00000000         ;   None 
   50 00000000         ;
   51 00000000         ;=======================================================
                       ===============
   52 00000000         boot_enable_aarch64
   53 00000000 EE1C0F50        mrc              p15, 0, r0, c12, c0, 2 
                                                            ; read RMR
   54 00000004 E3800001        orr              r0, r0, #0x1 ; bit0 for A64 
   55 00000008 F57FF04F        dsb
   56 0000000C EE0C0F50        mcr              p15, 0, r0, c12, c0, 2
   57 00000010 F57FF06F        isb
   58 00000014 F57FF04F        dsb
   59 00000018 E12FFF1E        bx               lr
   60 0000001C         ;=======================================================
                       ===============
   61 0000001C         ;
   62 0000001C         ; void boot_generate_warm_reset(uint32)
   63 0000001C         ;
   64 0000001C         ; Description:
   65 0000001C         ;   Generates a warm reset.  This function does not retu
                       rn.
   66 0000001C         ; 
   67 0000001C         ; Parameters:
   68 0000001C         ;   Value to be carried in R0 across reset.
   69 0000001C         ;
   70 0000001C         ; Return Value:
   71 0000001C         ;   None 
   72 0000001C         ;
   73 0000001C         ;=======================================================
                       ===============
   74 0000001C         boot_generate_warm_reset
   75 0000001C EE1C1F50        mrc              p15, 0, r1, c12, c0, 2
   76 00000020 E3811002        orr              r1, r1, #2  ; bit 1 for RR
   77 00000024 F57FF04F        dsb
   78 00000028 EE0C1F50        mcr              p15, 0, r1, c12, c0, 2
   79 0000002C F57FF06F        isb
   80 00000030 F57FF04F        dsb
   81 00000034 F57FF06F        isb
   82 00000038 E320F003        wfi
   83 0000003C         generate_warm_reset_loop
   84 0000003C EAFFFFFE        b                generate_warm_reset_loop
   85 00000040         ;=======================================================
                       ===============
   86 00000040         ;
   87 00000040         ; void boot_configure_vbar(uint32 vbar_addr)
   88 00000040         ;
   89 00000040         ; Description:
   90 00000040         ;   Configures VBAR to a different base address based on
                        exit point.
   91 00000040         ; 
   92 00000040         ; Parameters:
   93 00000040         ;   R0 contains the address to which VBAR will be config
                       ured to.
   94 00000040         ;
   95 00000040         ; Return Value:
   96 00000040         ;   None 



ARM Macro Assembler    Page 3 


   97 00000040         ;
   98 00000040         ;=======================================================
                       ===============
   99 00000040         boot_configure_vbar
  100 00000040 EE0C0F10        mcr              p15, 0, r0, c12, c0, 0 ; Write 
                                                            VBAR Register
  101 00000044 E12FFF1E        bx               lr
  102 00000048         END
                       
Command Line: --cpu=Cortex-A7 --apcs=/noswst/interwork --no_unaligned_access -o
/local/mnt/workspace/CRMBuilds/BOOT.BF.3.1.2.c2.2-00002-M8909AAAAANAZB-1_201612
14_063942/b/boot_images/core/boot/secboot3/src/build/sbl1/Cortex-A7/DAASANAZ/bo
ot_a53_asm.o -I/local/mnt/workspace/CRMBuilds/BOOT.BF.3.1.2.c2.2-00002-M8909AAA
AANAZB-1_20161214_063942/b/boot_images/core/boot/secboot3/src/build -I/local/mn
t/workspace/CRMBuilds/BOOT.BF.3.1.2.c2.2-00002-M8909AAAAANAZB-1_20161214_063942
/b/boot_images/build/cust -I. -I/local/mnt/workspace/CRMBuilds/BOOT.BF.3.1.2.c2
.2-00002-M8909AAAAANAZB-1_20161214_063942/b/boot_images/core/api/boot -I/local/
mnt/workspace/CRMBuilds/BOOT.BF.3.1.2.c2.2-00002-M8909AAAAANAZB-1_20161214_0639
42/b/boot_images/core/api/boot/qfprom -I/local/mnt/workspace/CRMBuilds/BOOT.BF.
3.1.2.c2.2-00002-M8909AAAAANAZB-1_20161214_063942/b/boot_images/core/buses/api/
spmi -I/local/mnt/workspace/CRMBuilds/BOOT.BF.3.1.2.c2.2-00002-M8909AAAAANAZB-1
_20161214_063942/b/boot_images/core/buses/api/icb -I/local/mnt/workspace/CRMBui
lds/BOOT.BF.3.1.2.c2.2-00002-M8909AAAAANAZB-1_20161214_063942/b/boot_images/cor
e/buses/api/uart -I/local/mnt/workspace/CRMBuilds/BOOT.BF.3.1.2.c2.2-00002-M890
9AAAAANAZB-1_20161214_063942/b/boot_images/core/buses/api/i2c -I/local/mnt/work
space/CRMBuilds/BOOT.BF.3.1.2.c2.2-00002-M8909AAAAANAZB-1_20161214_063942/b/boo
t_images/core/api/dal -I/local/mnt/workspace/CRMBuilds/BOOT.BF.3.1.2.c2.2-00002
-M8909AAAAANAZB-1_20161214_063942/b/boot_images/core/api/debugtools -I/local/mn
t/workspace/CRMBuilds/BOOT.BF.3.1.2.c2.2-00002-M8909AAAAANAZB-1_20161214_063942
/b/boot_images/core/api/mproc -I/local/mnt/workspace/CRMBuilds/BOOT.BF.3.1.2.c2
.2-00002-M8909AAAAANAZB-1_20161214_063942/b/boot_images/core/api/services -I/lo
cal/mnt/workspace/CRMBuilds/BOOT.BF.3.1.2.c2.2-00002-M8909AAAAANAZB-1_20161214_
063942/b/boot_images/core/api/storage -I/local/mnt/workspace/CRMBuilds/BOOT.BF.
3.1.2.c2.2-00002-M8909AAAAANAZB-1_20161214_063942/b/boot_images/core/api/system
drivers -I/local/mnt/workspace/CRMBuilds/BOOT.BF.3.1.2.c2.2-00002-M8909AAAAANAZ
B-1_20161214_063942/b/boot_images/core/api/systemdrivers/pmic -I/local/mnt/work
space/CRMBuilds/BOOT.BF.3.1.2.c2.2-00002-M8909AAAAANAZB-1_20161214_063942/b/boo
t_images/core/api/systemdrivers/hwio/msm8909 -I/local/mnt/workspace/CRMBuilds/B
OOT.BF.3.1.2.c2.2-00002-M8909AAAAANAZB-1_20161214_063942/b/boot_images/core/api
/wiredconnectivity -I/local/mnt/workspace/CRMBuilds/BOOT.BF.3.1.2.c2.2-00002-M8
909AAAAANAZB-1_20161214_063942/b/boot_images/core/api/securemsm -I/local/mnt/wo
rkspace/CRMBuilds/BOOT.BF.3.1.2.c2.2-00002-M8909AAAAANAZB-1_20161214_063942/b/b
oot_images/core/securemsm/secboot/api -I/local/mnt/workspace/CRMBuilds/BOOT.BF.
3.1.2.c2.2-00002-M8909AAAAANAZB-1_20161214_063942/b/boot_images/core/api/kernel
/libstd/stringl -I/local/mnt/workspace/CRMBuilds/BOOT.BF.3.1.2.c2.2-00002-M8909
AAAAANAZB-1_20161214_063942/b/boot_images/core/api/hwengines -I/local/mnt/works
pace/CRMBuilds/BOOT.BF.3.1.2.c2.2-00002-M8909AAAAANAZB-1_20161214_063942/b/boot
_images/core/apt/inc -I/local/mnt/workspace/CRMBuilds/BOOT.BF.3.1.2.c2.2-00002-
M8909AAAAANAZB-1_20161214_063942/b/boot_images/core/api/power -I/local/mnt/work
space/CRMBuilds/BOOT.BF.3.1.2.c2.2-00002-M8909AAAAANAZB-1_20161214_063942/b/boo
t_images/core/boot/secboot3/src -I/local/mnt/workspace/CRMBuilds/BOOT.BF.3.1.2.
c2.2-00002-M8909AAAAANAZB-1_20161214_063942/b/boot_images/core/boot/ddr/common 
-I/local/mnt/workspace/CRMBuilds/BOOT.BF.3.1.2.c2.2-00002-M8909AAAAANAZB-1_2016
1214_063942/b/boot_images/core/boot/ddr/hw/msm8909 -I/local/mnt/workspace/CRMBu
ilds/BOOT.BF.3.1.2.c2.2-00002-M8909AAAAANAZB-1_20161214_063942/b/boot_images/co
re/boot/ddr/hw/phy -I/local/mnt/workspace/CRMBuilds/BOOT.BF.3.1.2.c2.2-00002-M8
909AAAAANAZB-1_20161214_063942/b/boot_images/core/boot/ddr/hw/controller -I/loc
al/mnt/workspace/CRMBuilds/BOOT.BF.3.1.2.c2.2-00002-M8909AAAAANAZB-1_20161214_0
63942/b/boot_images/core/boot/secboot3/hw/msm8909 -I/local/mnt/workspace/CRMBui



ARM Macro Assembler    Page 4 


lds/BOOT.BF.3.1.2.c2.2-00002-M8909AAAAANAZB-1_20161214_063942/b/boot_images/cor
e/dal/src -I/local/mnt/workspace/CRMBuilds/BOOT.BF.3.1.2.c2.2-00002-M8909AAAAAN
AZB-1_20161214_063942/b/boot_images/core/dal/config -I/local/mnt/workspace/CRMB
uilds/BOOT.BF.3.1.2.c2.2-00002-M8909AAAAANAZB-1_20161214_063942/b/boot_images/c
ore/debugtools/version/src -I/local/mnt/workspace/CRMBuilds/BOOT.BF.3.1.2.c2.2-
00002-M8909AAAAANAZB-1_20161214_063942/b/boot_images/core/mproc/smem/inc -I/loc
al/mnt/workspace/CRMBuilds/BOOT.BF.3.1.2.c2.2-00002-M8909AAAAANAZB-1_20161214_0
63942/b/boot_images/core/services/utils/src -I/local/mnt/workspace/CRMBuilds/BO
OT.BF.3.1.2.c2.2-00002-M8909AAAAANAZB-1_20161214_063942/b/boot_images/core/stor
age/flash/src/dal -I/local/mnt/workspace/CRMBuilds/BOOT.BF.3.1.2.c2.2-00002-M89
09AAAAANAZB-1_20161214_063942/b/boot_images/core/storage/flash/src/hal -I/local
/mnt/workspace/CRMBuilds/BOOT.BF.3.1.2.c2.2-00002-M8909AAAAANAZB-1_20161214_063
942/b/boot_images/core/storage/flash/tools/inc -I/local/mnt/workspace/CRMBuilds
/BOOT.BF.3.1.2.c2.2-00002-M8909AAAAANAZB-1_20161214_063942/b/boot_images/core/s
torage/flash/inc -I/local/mnt/workspace/CRMBuilds/BOOT.BF.3.1.2.c2.2-00002-M890
9AAAAANAZB-1_20161214_063942/b/boot_images/core/storage/sdcc/src -I/local/mnt/w
orkspace/CRMBuilds/BOOT.BF.3.1.2.c2.2-00002-M8909AAAAANAZB-1_20161214_063942/b/
boot_images/core/storage/sdcc/src/hal -I/local/mnt/workspace/CRMBuilds/BOOT.BF.
3.1.2.c2.2-00002-M8909AAAAANAZB-1_20161214_063942/b/boot_images/core/storage/sd
cc/src/bsp -I/local/mnt/workspace/CRMBuilds/BOOT.BF.3.1.2.c2.2-00002-M8909AAAAA
NAZB-1_20161214_063942/b/boot_images/core/storage/efs/inc -I/local/mnt/workspac
e/CRMBuilds/BOOT.BF.3.1.2.c2.2-00002-M8909AAAAANAZB-1_20161214_063942/b/boot_im
ages/core/storage/hfat/inc -I/local/mnt/workspace/CRMBuilds/BOOT.BF.3.1.2.c2.2-
00002-M8909AAAAANAZB-1_20161214_063942/b/boot_images/core/storage/hotplug/inc -
I/local/mnt/workspace/CRMBuilds/BOOT.BF.3.1.2.c2.2-00002-M8909AAAAANAZB-1_20161
214_063942/b/boot_images/core/storage/tools/emmcbld/inc -I/local/mnt/workspace/
CRMBuilds/BOOT.BF.3.1.2.c2.2-00002-M8909AAAAANAZB-1_20161214_063942/b/boot_imag
es/core/storage/tools/deviceprogrammer/src/firehose -I/local/mnt/workspace/CRMB
uilds/BOOT.BF.3.1.2.c2.2-00002-M8909AAAAANAZB-1_20161214_063942/b/boot_images/c
ore/storage/tools/deviceprogrammer_ddr/src/firehose -I/local/mnt/workspace/CRMB
uilds/BOOT.BF.3.1.2.c2.2-00002-M8909AAAAANAZB-1_20161214_063942/b/boot_images/c
ore/storage/ufs/src -I/local/mnt/workspace/CRMBuilds/BOOT.BF.3.1.2.c2.2-00002-M
8909AAAAANAZB-1_20161214_063942/b/boot_images/core/storage/ufs/src/bsp -I/local
/mnt/workspace/CRMBuilds/BOOT.BF.3.1.2.c2.2-00002-M8909AAAAANAZB-1_20161214_063
942/b/boot_images/core/systemdrivers/tlmm/inc -I/local/mnt/workspace/CRMBuilds/
BOOT.BF.3.1.2.c2.2-00002-M8909AAAAANAZB-1_20161214_063942/b/boot_images/core/sy
stemdrivers/tlmm/src -I/local/mnt/workspace/CRMBuilds/BOOT.BF.3.1.2.c2.2-00002-
M8909AAAAANAZB-1_20161214_063942/b/boot_images/core/wiredconnectivity/qhsusb/in
c -I/local/mnt/workspace/CRMBuilds/BOOT.BF.3.1.2.c2.2-00002-M8909AAAAANAZB-1_20
161214_063942/b/boot_images/core/wiredconnectivity/qusb/inc -I/local/mnt/worksp
ace/CRMBuilds/BOOT.BF.3.1.2.c2.2-00002-M8909AAAAANAZB-1_20161214_063942/b/boot_
images/core/securemsm/cryptodrivers/ce/shared/inc -I/local/mnt/workspace/CRMBui
lds/BOOT.BF.3.1.2.c2.2-00002-M8909AAAAANAZB-1_20161214_063942/b/boot_images/cor
e/securemsm/cryptodrivers/ce/test/inc -I/local/mnt/workspace/CRMBuilds/BOOT.BF.
3.1.2.c2.2-00002-M8909AAAAANAZB-1_20161214_063942/b/boot_images/core/securemsm/
cryptodrivers/prng/shared/inc -I/local/mnt/workspace/CRMBuilds/BOOT.BF.3.1.2.c2
.2-00002-M8909AAAAANAZB-1_20161214_063942/b/boot_images/core/securemsm/cryptodr
ivers/prng/test/inc -I/local/mnt/workspace/CRMBuilds/BOOT.BF.3.1.2.c2.2-00002-M
8909AAAAANAZB-1_20161214_063942/b/boot_images/core/securemsm/cryptodrivers/prng
/shared/src -I/local/mnt/workspace/CRMBuilds/BOOT.BF.3.1.2.c2.2-00002-M8909AAAA
ANAZB-1_20161214_063942/b/boot_images/core/api/securemsm/secboot -I/local/mnt/w
orkspace/CRMBuilds/BOOT.BF.3.1.2.c2.2-00002-M8909AAAAANAZB-1_20161214_063942/b/
boot_images/core/api/securemsm/seccfg -I/local/mnt/workspace/CRMBuilds/BOOT.BF.
3.1.2.c2.2-00002-M8909AAAAANAZB-1_20161214_063942/b/boot_images/core/securemsm/
secmath/shared/inc -I/local/mnt/workspace/CRMBuilds/BOOT.BF.3.1.2.c2.2-00002-M8
909AAAAANAZB-1_20161214_063942/b/boot_images/core/securemsm/fuseprov/chipset/ms
m8909/inc -I/local/mnt/workspace/CRMBuilds/BOOT.BF.3.1.2.c2.2-00002-M8909AAAAAN
AZB-1_20161214_063942/b/boot_images/core/hwengines/mhi -I/local/mnt/workspace/C
RMBuilds/BOOT.BF.3.1.2.c2.2-00002-M8909AAAAANAZB-1_20161214_063942/b/boot_image



ARM Macro Assembler    Page 5 


s/core/hwengines/pcie -I/local/mnt/workspace/CRMBuilds/BOOT.BF.3.1.2.c2.2-00002
-M8909AAAAANAZB-1_20161214_063942/b/boot_images/core/apt/src -I/local/mnt/works
pace/CRMBuilds/BOOT.BF.3.1.2.c2.2-00002-M8909AAAAANAZB-1_20161214_063942/b/boot
_images/core/boot/secboot3/hw/msm8909/sbl1 --list=/local/mnt/workspace/CRMBuild
s/BOOT.BF.3.1.2.c2.2-00002-M8909AAAAANAZB-1_20161214_063942/b/boot_images/core/
boot/secboot3/src/build/sbl1/Cortex-A7/DAASANAZ/boot_a53_asm.o.lst --sitelicens
e /local/mnt/workspace/CRMBuilds/BOOT.BF.3.1.2.c2.2-00002-M8909AAAAANAZB-1_2016
1214_063942/b/boot_images/core/boot/secboot3/src/build/sbl1/Cortex-A7/DAASANAZ/
boot_a53_asm.o.i
